\BOOKMARK [0][-]{chapter*.1}{Abstract}{}% 1
\BOOKMARK [0][-]{chapter*.2}{Zusammenfassung}{}% 2
\BOOKMARK [0][-]{chapter.1}{Introduction}{}% 3
\BOOKMARK [1][-]{section.1.1}{Motivation}{chapter.1}% 4
\BOOKMARK [1][-]{section.1.2}{Contributions}{chapter.1}% 5
\BOOKMARK [1][-]{section.1.3}{Outline of the thesis}{chapter.1}% 6
\BOOKMARK [0][-]{chapter.2}{Foundations}{}% 7
\BOOKMARK [1][-]{section.2.1}{Terminology}{chapter.2}% 8
\BOOKMARK [2][-]{subsection.2.1.1}{security relevant data}{section.2.1}% 9
\BOOKMARK [2][-]{subsection.2.1.2}{Data flow}{section.2.1}% 10
\BOOKMARK [1][-]{section.2.2}{Palladio Component Model}{chapter.2}% 11
\BOOKMARK [2][-]{subsection.2.2.1}{Component based systems}{section.2.2}% 12
\BOOKMARK [1][-]{section.2.3}{Data Centric PCM}{chapter.2}% 13
\BOOKMARK [2][-]{subsection.2.3.1}{Concept}{section.2.3}% 14
\BOOKMARK [2][-]{subsection.2.3.2}{Meta model extension for data centric PCM}{section.2.3}% 15
\BOOKMARK [1][-]{section.2.4}{Goal-Question-Metric approach}{chapter.2}% 16
\BOOKMARK [0][-]{chapter.3}{Related work}{}% 17
\BOOKMARK [0][-]{chapter.4}{Procedure}{}% 18
\BOOKMARK [1][-]{section.4.1}{General procedure for the creation of a viable case study}{chapter.4}% 19
\BOOKMARK [1][-]{section.4.2}{P1: Investigate the current state of the system}{chapter.4}% 20
\BOOKMARK [1][-]{section.4.3}{P2: Extract necessary system parts for the requirements}{chapter.4}% 21
\BOOKMARK [1][-]{section.4.4}{P3: Check fulfillment of requirements}{chapter.4}% 22
\BOOKMARK [1][-]{section.4.5}{P4: Fix all shortcomings by defining system extensions}{chapter.4}% 23
\BOOKMARK [1][-]{section.4.6}{P5: Evaluation of the access rights}{chapter.4}% 24
\BOOKMARK [1][-]{section.4.7}{M1: Store the results in a milestone}{chapter.4}% 25
\BOOKMARK [1][-]{section.4.8}{P6: Definition of scenarios}{chapter.4}% 26
\BOOKMARK [1][-]{section.4.9}{P7:Evaluation of the covered information flow classes}{chapter.4}% 27
\BOOKMARK [1][-]{section.4.10}{Conclusion of the procedure}{chapter.4}% 28
\BOOKMARK [0][-]{chapter.5}{Analysis of CoCoME}{}% 29
\BOOKMARK [1][-]{section.5.1}{CoCoME overview}{chapter.5}% 30
\BOOKMARK [2][-]{subsection.5.1.1}{Platform migration}{section.5.1}% 31
\BOOKMARK [2][-]{subsection.5.1.2}{Addition of a Pickup shop}{section.5.1}% 32
\BOOKMARK [2][-]{subsection.5.1.3}{Database migration}{section.5.1}% 33
\BOOKMARK [2][-]{subsection.5.1.4}{Service adapter}{section.5.1}% 34
\BOOKMARK [1][-]{section.5.2}{Application of the method}{chapter.5}% 35
\BOOKMARK [2][-]{subsection.5.2.1}{P1: Investigation of the current state of CoCoME}{section.5.2}% 36
\BOOKMARK [2][-]{subsection.5.2.2}{P2: Extract the necessary system parts for the requirements}{section.5.2}% 37
\BOOKMARK [2][-]{subsection.5.2.3}{DEPRECATED Analysis of the current state for CoCoME}{section.5.2}% 38
\BOOKMARK [1][-]{section.5.3}{P3: Check the fulfillment of the requirements}{chapter.5}% 39
\BOOKMARK [2][-]{subsection.5.3.1}{Use cases}{section.5.3}% 40
\BOOKMARK [2][-]{subsection.5.3.2}{Security relevant data}{section.5.3}% 41
\BOOKMARK [2][-]{subsection.5.3.3}{Definition of roles}{section.5.3}% 42
\BOOKMARK [2][-]{subsection.5.3.4}{Definition of access rights}{section.5.3}% 43
\BOOKMARK [2][-]{subsection.5.3.5}{Data processing in security relevant components}{section.5.3}% 44
\BOOKMARK [1][-]{section.5.4}{Add system extensions}{chapter.5}% 45
\BOOKMARK [1][-]{section.5.5}{P4: Define system extensions}{chapter.5}% 46
\BOOKMARK [1][-]{section.5.6}{P5: Evaluation of the defined access rights}{chapter.5}% 47
\BOOKMARK [0][-]{chapter.6}{Case study system}{}% 48
\BOOKMARK [1][-]{section.6.1}{Scenario: stock manager requests the report for a customer}{chapter.6}% 49
\BOOKMARK [2][-]{subsection.6.1.1}{Description}{section.6.1}% 50
\BOOKMARK [2][-]{subsection.6.1.2}{CoCoME excerpt}{section.6.1}% 51
\BOOKMARK [2][-]{subsection.6.1.3}{Data types and access rights}{section.6.1}% 52
\BOOKMARK [2][-]{subsection.6.1.4}{Component behavior}{section.6.1}% 53
\BOOKMARK [1][-]{section.6.2}{Scenario: Support employee requests information for an order}{chapter.6}% 54
\BOOKMARK [2][-]{subsection.6.2.1}{Description}{section.6.2}% 55
\BOOKMARK [2][-]{subsection.6.2.2}{Identification of a new use case}{section.6.2}% 56
\BOOKMARK [2][-]{subsection.6.2.3}{CoCoME excerpt}{section.6.2}% 57
\BOOKMARK [2][-]{subsection.6.2.4}{Data types and access rights}{section.6.2}% 58
\BOOKMARK [2][-]{subsection.6.2.5}{Component behavior}{section.6.2}% 59
\BOOKMARK [0][-]{chapter.7}{Evaluation}{}% 60
\BOOKMARK [1][-]{section.7.1}{GQM plan}{chapter.7}% 61
\BOOKMARK [1][-]{section.7.2}{Applicability of the introduced method}{chapter.7}% 62
\BOOKMARK [2][-]{subsection.7.2.1}{Is the introduced method applicable to a concrete system}{section.7.2}% 63
\BOOKMARK [1][-]{section.7.3}{Usability of the created case study for data-based privacy analysis}{chapter.7}% 64
\BOOKMARK [2][-]{subsection.7.3.1}{Are the access rights well defined ?}{section.7.3}% 65
\BOOKMARK [2][-]{subsection.7.3.2}{Is the created case Study usable for different information flow classes?}{section.7.3}% 66
\BOOKMARK [1][-]{section.7.4}{Expressiveness of data centric PCM}{chapter.7}% 67
\BOOKMARK [2][-]{subsection.7.4.1}{Is the created case study expressible with PCM ?}{section.7.4}% 68
\BOOKMARK [2][-]{subsection.7.4.2}{Number of missing elements for the different}{section.7.4}% 69
\BOOKMARK [1][-]{section.7.5}{Discussion}{chapter.7}% 70
\BOOKMARK [0][-]{chapter.8}{Conclusion and future work}{}% 71
\BOOKMARK [1][-]{section.8.1}{Conclusion}{chapter.8}% 72
\BOOKMARK [1][-]{section.8.2}{Benefits of our work}{chapter.8}% 73
\BOOKMARK [1][-]{section.8.3}{Future work}{chapter.8}% 74
\BOOKMARK [2][-]{subsection.8.3.1}{Method}{section.8.3}% 75
\BOOKMARK [2][-]{subsection.8.3.2}{Case study system}{section.8.3}% 76
\BOOKMARK [2][-]{subsection.8.3.3}{Meta model extension}{section.8.3}% 77
\BOOKMARK [0][-]{appendix.A}{Appendix}{}% 78
\BOOKMARK [1][-]{section.A.1}{First Appendix Section}{appendix.A}% 79
